c:\users\simonlbs\onedrive - syddansk universitet\studie\5 semester\algoritmer og datastrukturer\programmer\ada_assignment2\ada_assignment2\ada_assignment2\x64\debug\vc141.pdb
c:\users\simonlbs\onedrive - syddansk universitet\studie\5 semester\algoritmer og datastrukturer\programmer\ada_assignment2\ada_assignment2\ada_assignment2\x64\debug\vc141.idb
c:\users\simonlbs\onedrive - syddansk universitet\studie\5 semester\algoritmer og datastrukturer\programmer\ada_assignment2\ada_assignment2\ada_assignment2\x64\debug\stopwatch.obj
c:\users\simonlbs\onedrive - syddansk universitet\studie\5 semester\algoritmer og datastrukturer\programmer\ada_assignment2\ada_assignment2\ada_assignment2\x64\debug\source.obj
c:\users\simonlbs\onedrive - syddansk universitet\studie\5 semester\algoritmer og datastrukturer\programmer\ada_assignment2\ada_assignment2\ada_assignment2\x64\debug\quickselect.obj
c:\users\simonlbs\onedrive - syddansk universitet\studie\5 semester\algoritmer og datastrukturer\programmer\ada_assignment2\ada_assignment2\ada_assignment2\x64\debug\priority_queue.obj
c:\users\simonlbs\onedrive - syddansk universitet\studie\5 semester\algoritmer og datastrukturer\programmer\ada_assignment2\ada_assignment2\ada_assignment2\x64\debug\priorityqueueselect.obj
c:\users\simonlbs\onedrive - syddansk universitet\studie\5 semester\algoritmer og datastrukturer\programmer\ada_assignment2\ada_assignment2\ada_assignment2\x64\debug\json.obj
c:\users\simonlbs\onedrive - syddansk universitet\studie\5 semester\algoritmer og datastrukturer\programmer\ada_assignment2\ada_assignment2\ada_assignment2\x64\debug\consolematrix.obj
c:\users\simonlbs\onedrive - syddansk universitet\studie\5 semester\algoritmer og datastrukturer\programmer\ada_assignment2\ada_assignment2\x64\debug\ada_assignment2.pdb
c:\users\simonlbs\onedrive - syddansk universitet\studie\5 semester\algoritmer og datastrukturer\programmer\ada_assignment2\ada_assignment2\ada_assignment2\x64\debug\ada_assignment2.tlog\cl.command.1.tlog
c:\users\simonlbs\onedrive - syddansk universitet\studie\5 semester\algoritmer og datastrukturer\programmer\ada_assignment2\ada_assignment2\ada_assignment2\x64\debug\ada_assignment2.tlog\cl.read.1.tlog
c:\users\simonlbs\onedrive - syddansk universitet\studie\5 semester\algoritmer og datastrukturer\programmer\ada_assignment2\ada_assignment2\ada_assignment2\x64\debug\ada_assignment2.tlog\cl.write.1.tlog
c:\users\simonlbs\onedrive - syddansk universitet\studie\5 semester\algoritmer og datastrukturer\programmer\ada_assignment2\ada_assignment2\ada_assignment2\x64\debug\ada_assignment2.tlog\link-cvtres.read.1.tlog
c:\users\simonlbs\onedrive - syddansk universitet\studie\5 semester\algoritmer og datastrukturer\programmer\ada_assignment2\ada_assignment2\ada_assignment2\x64\debug\ada_assignment2.tlog\link-cvtres.write.1.tlog
c:\users\simonlbs\onedrive - syddansk universitet\studie\5 semester\algoritmer og datastrukturer\programmer\ada_assignment2\ada_assignment2\ada_assignment2\x64\debug\ada_assignment2.tlog\link-rc.read.1.tlog
c:\users\simonlbs\onedrive - syddansk universitet\studie\5 semester\algoritmer og datastrukturer\programmer\ada_assignment2\ada_assignment2\ada_assignment2\x64\debug\ada_assignment2.tlog\link-rc.write.1.tlog
c:\users\simonlbs\onedrive - syddansk universitet\studie\5 semester\algoritmer og datastrukturer\programmer\ada_assignment2\ada_assignment2\ada_assignment2\x64\debug\ada_assignment2.tlog\link.command.1.tlog
c:\users\simonlbs\onedrive - syddansk universitet\studie\5 semester\algoritmer og datastrukturer\programmer\ada_assignment2\ada_assignment2\ada_assignment2\x64\debug\ada_assignment2.tlog\link.read.1.tlog
c:\users\simonlbs\onedrive - syddansk universitet\studie\5 semester\algoritmer og datastrukturer\programmer\ada_assignment2\ada_assignment2\ada_assignment2\x64\debug\ada_assignment2.tlog\link.write.1.tlog
